Flutter crash report.
Please report a bug at https://github.com/flutter/flutter/issues.

## command

flutter run -d chrome --release

## exception

FileSystemException: FileSystemException: Failed to decode data using encoding 'utf-8', path = 'C:\farm\.gitignore'

```
#0      _File._tryDecode (dart:io/file_impl.dart:704:7)
#1      _File.readAsStringSync (dart:io/file_impl.dart:715:7)
#2      _File.readAsLinesSync (dart:io/file_impl.dart:721:36)
#3      ForwardingFile.readAsLinesSync (package:file/src/forwarding/forwarding_file.dart:107:16)
#4      ForwardingFile.readAsLinesSync (package:file/src/forwarding/forwarding_file.dart:107:16)
#5      ProjectMigrator.processFileLines (package:flutter_tools/src/base/project_migrator.dart:40:37)
#6      ScrubGeneratedPluginRegistrant.migrate (package:flutter_tools/src/web/migrations/scrub_generated_plugin_registrant.dart:28:7)
#7      ProjectMigration.run (package:flutter_tools/src/base/project_migrator.dart:86:22)
#8      WebBuilder.buildWeb (package:flutter_tools/src/web/compile.dart:102:21)
<asynchronous suspension>
#9      ResidentWebRunner.run.<anonymous closure> (package:flutter_tools/src/isolated/resident_web_runner.dart:351:11)
<asynchronous suspension>
#10     asyncGuard.<anonymous closure> (package:flutter_tools/src/base/async_guard.dart:108:24)
<asynchronous suspension>
```

## flutter doctor

```
[32m[✓][39m Flutter (Channel stable, 3.41.9, on Microsoft Windows
    [Version 10.0.22000.2538], locale en-US) [17.4s]
    [32m•[39m Flutter version 3.41.9 on channel stable at C:\flutter
    [32m•[39m Upstream repository
      https://github.com/flutter/flutter.git
    [32m•[39m Framework revision 00b0c91f06 (9 weeks ago), 2026-04-29
      10:03:19 -0700
    [32m•[39m Engine revision 42d3d75a56
    [32m•[39m Dart version 3.11.5
    [32m•[39m DevTools version 2.54.2
    [32m•[39m Feature flags: enable-web, enable-linux-desktop,
      enable-macos-desktop, enable-windows-desktop,
      enable-android, enable-ios, cli-animations,
      enable-native-assets, omit-legacy-version-file,
      enable-lldb-debugging, enable-uiscene-migration

[32m[✓][39m Windows Version (11 Pro 64-bit, 21H2, 2009) [106.8s]

[33m[!][39m Android toolchain - develop for Android devices (Android
    SDK version 36.1.0) [17.2s]
    [32m•[39m Android SDK at C:\Users\u\AppData\Local\Android\sdk
    [32m•[39m Emulator version 36.6.11.0 (build_id 15507667) (CL:N/A)
    [31m✗[39m cmdline-tools component is missing.
      Try installing or updating Android Studio.
      Alternatively, download the tools from
      https://developer.android.com/studio#command-line-tools-
      only and make sure to set the ANDROID_HOME environment
      variable.
      See https://developer.android.com/studio/command-line
      for more details.
    [31m✗[39m Android license status unknown.
      Run `flutter doctor --android-licenses` to accept the
      SDK licenses.
      See https://flutter.dev/to/windows-android-setup for
      more details.

[32m[✓][39m Chrome - develop for the web [8.3s]
    [32m•[39m Chrome at C:\Program
      Files\Google\Chrome\Application\chrome.exe

[32m[✓][39m Visual Studio - develop Windows apps (Visual Studio Build
    Tools 2026 18.3.2) [8.3s]
    [32m•[39m Visual Studio at C:\Program Files (x86)\Microsoft Visual
      Studio\18\BuildTools
    [32m•[39m Visual Studio Build Tools 2026 version 18.3.11520.95
    [32m•[39m Windows 10 SDK version 10.0.26100.0

[32m[✓][39m Connected device (3 available) [8.1s]
    [32m•[39m Windows (desktop) • windows • windows-x64    • Microsoft
      Windows [Version 10.0.22000.2538]
    [32m•[39m Chrome (web)      • chrome  • web-javascript • Google
      Chrome 149.0.7827.201
    [32m•[39m Edge (web)        • edge    • web-javascript • Microsoft
      Edge 149.0.4022.80

[32m[✓][39m Network resources [4.9s]
    [32m•[39m All expected network resources are available.

[33m![39m Doctor found issues in 1 category.
```
